2020-08-10 10:08:34,076 [main] WARN  [com.zaxxer.hikari.HikariConfig] - HikariPool-1 - maxLifetime is less than 30000ms, setting to default 1800000ms.
2020-08-10 10:08:34,079 [main] WARN  [com.zaxxer.hikari.HikariConfig] - HikariPool-1 - idleTimeout is close to or more than maxLifetime, disabling it.
2020-08-10 10:08:35,923 [main] WARN  [o.s.b.a.orm.jpa.JpaBaseConfiguration$JpaWebConfiguration$JpaWebMvcConfiguration] - spring.jpa.open-in-view is enabled by default. Therefore, database queries may be performed during view rendering. Explicitly configure spring.jpa.open-in-view to disable this warning
2020-08-10 10:08:36,129 [main] WARN  [com.netflix.config.sources.URLConfigurationSource] - No URLs will be polled as dynamic configuration sources.
2020-08-10 10:08:36,135 [main] WARN  [com.netflix.config.sources.URLConfigurationSource] - No URLs will be polled as dynamic configuration sources.
2020-08-10 23:15:28,818 [Thread-5] WARN  [com.netflix.discovery.DiscoveryClient] - Saw local status change event StatusChangeEvent [timestamp=1597072528818, current=DOWN, previous=UP]
2020-08-10 23:15:30,860 [DiscoveryClient-InstanceInfoReplicator-0] WARN  [com.netflix.discovery.shared.transport.decorator.RetryableEurekaHttpClient] - Request execution failed with message: java.net.ConnectException: Connection refused: no further information
2020-08-10 23:15:32,863 [DiscoveryClient-InstanceInfoReplicator-0] WARN  [com.netflix.discovery.shared.transport.decorator.RetryableEurekaHttpClient] - Request execution failed with message: java.net.ConnectException: Connection refused: no further information
2020-08-10 23:15:32,872 [DiscoveryClient-InstanceInfoReplicator-0] WARN  [com.netflix.discovery.DiscoveryClient] - DiscoveryClient_SERVICE-MYBATIS/windows10.microdone.cn:service-mybatis:9001 - registration failed Cannot execute request on any known server
com.netflix.discovery.shared.transport.TransportException: Cannot execute request on any known server
	at com.netflix.discovery.shared.transport.decorator.RetryableEurekaHttpClient.execute(RetryableEurekaHttpClient.java:112)
	at com.netflix.discovery.shared.transport.decorator.EurekaHttpClientDecorator.register(EurekaHttpClientDecorator.java:56)
	at com.netflix.discovery.shared.transport.decorator.EurekaHttpClientDecorator$1.execute(EurekaHttpClientDecorator.java:59)
	at com.netflix.discovery.shared.transport.decorator.SessionedEurekaHttpClient.execute(SessionedEurekaHttpClient.java:77)
	at com.netflix.discovery.shared.transport.decorator.EurekaHttpClientDecorator.register(EurekaHttpClientDecorator.java:56)
	at com.netflix.discovery.DiscoveryClient.register(DiscoveryClient.java:847)
	at com.netflix.discovery.InstanceInfoReplicator.run(InstanceInfoReplicator.java:121)
	at com.netflix.discovery.InstanceInfoReplicator$1.run(InstanceInfoReplicator.java:101)
	at java.base/java.util.concurrent.Executors$RunnableAdapter.call(Executors.java:515)
	at java.base/java.util.concurrent.FutureTask.run$$$capture(FutureTask.java:264)
	at java.base/java.util.concurrent.FutureTask.run(FutureTask.java)
	at java.base/java.util.concurrent.ScheduledThreadPoolExecutor$ScheduledFutureTask.run(ScheduledThreadPoolExecutor.java:304)
	at java.base/java.util.concurrent.ThreadPoolExecutor.runWorker(ThreadPoolExecutor.java:1130)
	at java.base/java.util.concurrent.ThreadPoolExecutor$Worker.run(ThreadPoolExecutor.java:630)
	at java.base/java.lang.Thread.run(Thread.java:832)
2020-08-10 23:15:32,873 [DiscoveryClient-InstanceInfoReplicator-0] WARN  [com.netflix.discovery.InstanceInfoReplicator] - There was a problem with the instance info replicator
com.netflix.discovery.shared.transport.TransportException: Cannot execute request on any known server
	at com.netflix.discovery.shared.transport.decorator.RetryableEurekaHttpClient.execute(RetryableEurekaHttpClient.java:112)
	at com.netflix.discovery.shared.transport.decorator.EurekaHttpClientDecorator.register(EurekaHttpClientDecorator.java:56)
	at com.netflix.discovery.shared.transport.decorator.EurekaHttpClientDecorator$1.execute(EurekaHttpClientDecorator.java:59)
	at com.netflix.discovery.shared.transport.decorator.SessionedEurekaHttpClient.execute(SessionedEurekaHttpClient.java:77)
	at com.netflix.discovery.shared.transport.decorator.EurekaHttpClientDecorator.register(EurekaHttpClientDecorator.java:56)
	at com.netflix.discovery.DiscoveryClient.register(DiscoveryClient.java:847)
	at com.netflix.discovery.InstanceInfoReplicator.run(InstanceInfoReplicator.java:121)
	at com.netflix.discovery.InstanceInfoReplicator$1.run(InstanceInfoReplicator.java:101)
	at java.base/java.util.concurrent.Executors$RunnableAdapter.call(Executors.java:515)
	at java.base/java.util.concurrent.FutureTask.run$$$capture(FutureTask.java:264)
	at java.base/java.util.concurrent.FutureTask.run(FutureTask.java)
	at java.base/java.util.concurrent.ScheduledThreadPoolExecutor$ScheduledFutureTask.run(ScheduledThreadPoolExecutor.java:304)
	at java.base/java.util.concurrent.ThreadPoolExecutor.runWorker(ThreadPoolExecutor.java:1130)
	at java.base/java.util.concurrent.ThreadPoolExecutor$Worker.run(ThreadPoolExecutor.java:630)
	at java.base/java.lang.Thread.run(Thread.java:832)
2020-08-10 23:15:33,998 [Thread-5] WARN  [com.netflix.discovery.shared.transport.decorator.RetryableEurekaHttpClient] - Request execution failed with message: java.net.ConnectException: Connection refused: no further information
